0 info it worked if it ends with ok
1 verbose cli [ '/home/student/.nvm/versions/node/v6.9.1/bin/node',
1 verbose cli   '/home/student/.nvm/versions/node/v6.9.1/bin/npm',
1 verbose cli   'run',
1 verbose cli   'db-test' ]
2 info using npm@3.10.8
3 info using node@v6.9.1
4 verbose run-script [ 'predb-test', 'db-test', 'postdb-test' ]
5 info lifecycle boilerplate-redux-async@0.1.0~predb-test: boilerplate-redux-async@0.1.0
6 silly lifecycle boilerplate-redux-async@0.1.0~predb-test: no script for predb-test, continuing
7 info lifecycle boilerplate-redux-async@0.1.0~db-test: boilerplate-redux-async@0.1.0
8 verbose lifecycle boilerplate-redux-async@0.1.0~db-test: unsafe-perm in lifecycle true
9 verbose lifecycle boilerplate-redux-async@0.1.0~db-test: PATH: /home/student/.nvm/versions/node/v6.9.1/lib/node_modules/npm/bin/node-gyp-bin:/home/student/workspace/happy-task-wall2/node_modules/.bin:/home/student/.nvm/versions/node/v6.9.1/bin:/home/student/bin:/home/student/.local/bin:/usr/local/sbin:/usr/local/bin:/usr/sbin:/usr/bin:/sbin:/bin:/usr/games:/usr/local/games:/snap/bin
10 verbose lifecycle boilerplate-redux-async@0.1.0~db-test: CWD: /home/student/workspace/happy-task-wall2
11 silly lifecycle boilerplate-redux-async@0.1.0~db-test: Args: [ '-c', 'ava -v \'test/**/db.test.js\'' ]
12 silly lifecycle boilerplate-redux-async@0.1.0~db-test: Returned: code: 1  signal: null
13 info lifecycle boilerplate-redux-async@0.1.0~db-test: Failed to exec db-test script
14 verbose stack Error: boilerplate-redux-async@0.1.0 db-test: `ava -v 'test/**/db.test.js'`
14 verbose stack Exit status 1
14 verbose stack     at EventEmitter.<anonymous> (/home/student/.nvm/versions/node/v6.9.1/lib/node_modules/npm/lib/utils/lifecycle.js:255:16)
14 verbose stack     at emitTwo (events.js:106:13)
14 verbose stack     at EventEmitter.emit (events.js:191:7)
14 verbose stack     at ChildProcess.<anonymous> (/home/student/.nvm/versions/node/v6.9.1/lib/node_modules/npm/lib/utils/spawn.js:40:14)
14 verbose stack     at emitTwo (events.js:106:13)
14 verbose stack     at ChildProcess.emit (events.js:191:7)
14 verbose stack     at maybeClose (internal/child_process.js:877:16)
14 verbose stack     at Process.ChildProcess._handle.onexit (internal/child_process.js:226:5)
15 verbose pkgid boilerplate-redux-async@0.1.0
16 verbose cwd /home/student/workspace/happy-task-wall2
17 error Linux 4.4.0-78-generic
18 error argv "/home/student/.nvm/versions/node/v6.9.1/bin/node" "/home/student/.nvm/versions/node/v6.9.1/bin/npm" "run" "db-test"
19 error node v6.9.1
20 error npm  v3.10.8
21 error code ELIFECYCLE
22 error boilerplate-redux-async@0.1.0 db-test: `ava -v 'test/**/db.test.js'`
22 error Exit status 1
23 error Failed at the boilerplate-redux-async@0.1.0 db-test script 'ava -v 'test/**/db.test.js''.
23 error Make sure you have the latest version of node.js and npm installed.
23 error If you do, this is most likely a problem with the boilerplate-redux-async package,
23 error not with npm itself.
23 error Tell the author that this fails on your system:
23 error     ava -v 'test/**/db.test.js'
23 error You can get information on how to open an issue for this project with:
23 error     npm bugs boilerplate-redux-async
23 error Or if that isn't available, you can get their info via:
23 error     npm owner ls boilerplate-redux-async
23 error There is likely additional logging output above.
24 verbose exit [ 1, true ]
